root@mt-S2600WFT:/home/mt/kangj/ph1_pcie_ep/test/build# ./test random_multi_dma_bare_chain_ddr
Filters: random_multi_dma_bare_chain_ddr
[MT] [02:35:10 261] [info] TEST_CASE stress_dma_bare_chain_ddr init

timer=31000
timer=31000
timer=31000
timer=31000
[MT] [02:35:10 264] [info] MTDMA0 start_wr_addr 20000000, start_rd_addr 20021000 size 20000 20000

[MT] [02:35:10 266] [info] MTDMA3 start_wr_addr 20042000, start_rd_addr 20063000 size 20000 20000

[MT] [02:35:10 267] [info] MTDMA2 start_wr_addr 20084000, start_rd_addr 200A5000 size 20000 20000

[MT] [02:35:10 269] [info] MTDMA1 start_wr_addr 200C6000, start_rd_addr 200E7000 size 20000 20000


****************
[MT] [02:35:10 274] [info] H2D ch0 test_cnt0 xfer s: sar_base 400000000, sar_offset 20021000, dar        0, size 20000, pattern 0


****************
[MT] [02:35:10 278] [info] H2D ch1 test_cnt0 xfer s: sar_base 400000000, sar_offset 200E7000, dar    20000, size 20000, pattern 0


****************
[MT] [02:35:10 278] [info] H2D ch3 test_cnt0 xfer s: sar_base 400000000, sar_offset 20063000, dar    60000, size 20000, pattern 0


****************
[MT] [02:35:10 279] [info] H2D ch2 test_cnt0 xfer s: sar_base 400000000, sar_offset 200A5000, dar    40000, size 20000, pattern 0

H2D00: xfer(20021000:0:20000) done 2.164s, speed 0.06MB/s
[MT] [02:35:12 438] [info] H2D ch0 test_cnt0 xfer 20000 done: ms 2164 speed 0.058MB/s


****************
[MT] [02:35:12 438] [info] D2D ch0 test_cnt0 xfer s: sar        0, dar    80000, size 20000

H2D02: xfer(200a5000:40000:20000) done 2.166s, speed 0.06MB/s
[MT] [02:35:12 445] [info] H2D ch2 test_cnt0 xfer 20000 done: ms 2166 speed 0.058MB/s


****************
[MT] [02:35:12 445] [info] D2D ch2 test_cnt0 xfer s: sar    40000, dar    C0000, size 20000

H2D03: xfer(20063000:60000:20000) done 2.201s, speed 0.06MB/s
[MT] [02:35:12 479] [info] H2D ch3 test_cnt0 xfer 20000 done: ms 2201 speed 0.057MB/s


****************
[MT] [02:35:12 479] [info] D2D ch3 test_cnt0 xfer s: sar    60000, dar    E0000, size 20000

H2D01: xfer(200e7000:20000:20000) done 2.209s, speed 0.06MB/s
[MT] [02:35:12 487] [info] H2D ch1 test_cnt0 xfer 20000 done: ms 2209 speed 0.057MB/s


****************
[MT] [02:35:12 487] [info] D2D ch1 test_cnt0 xfer s: sar    20000, dar    A0000, size 20000

D2D00: xfer(0:80000:20000) done 1.823s, speed 0.07MB/s
[MT] [02:35:14 261] [info] D2D ch0 test_cnt0 xfer 20000 done: ms 1823 speed 0.069MB/s


****************
[MT] [02:35:14 261] [info] D2H ch0 test_cnt0 xfer s: sar    80000, dar_base 400000000, dar_offset 20000000, size 20000

D2D02: xfer(40000:c0000:20000) done 1.823s, speed 0.07MB/s
[MT] [02:35:14 268] [info] D2D ch2 test_cnt0 xfer 20000 done: ms 1823 speed 0.069MB/s


****************
[MT] [02:35:14 268] [info] D2H ch2 test_cnt0 xfer s: sar    C0000, dar_base 400000000, dar_offset 20084000, size 20000

D2D03: xfer(60000:e0000:20000) done 2.030s, speed 0.06MB/s
[MT] [02:35:14 509] [info] D2D ch3 test_cnt0 xfer 20000 done: ms 2030 speed 0.062MB/s


****************
[MT] [02:35:14 509] [info] D2H ch3 test_cnt0 xfer s: sar    E0000, dar_base 400000000, dar_offset 20042000, size 20000

D2D01: xfer(20000:a0000:20000) done 2.052s, speed 0.06MB/s
[MT] [02:35:14 539] [info] D2D ch1 test_cnt0 xfer 20000 done: ms 2052 speed 0.061MB/s


****************
[MT] [02:35:14 539] [info] D2H ch1 test_cnt0 xfer s: sar    A0000, dar_base 400000000, dar_offset 200C6000, size 20000

D2H00: xfer(80000:20000000:20000) done 1.916s, speed 0.07MB/s
[MT] [02:35:16 177] [info] D2H ch0 test_cnt0 xfer 20000 done: ms 1916 speed 0.065MB/s

[MT] [02:35:16 177] [info] rd_data 0

type=e, size=20000, src_addr=0x7fb7178d2000, dst_addr=0x7fb7178b1000, src[0]=605e08c7, dst[0]=605e08c7
compare result
addr d000, rd_data 425a0712 != 605e3cc7
addr d000, rd_data 425a0712 != 605e3cc7
[MT] [02:35:16 180] [info] MTDMA0 1MB: rspeed 0.578MB/s wspeed 0.334MB/s

[MT] [02:35:16 180] [info] MTDMA0 error


~~~~~~~~~~~~~~~~~~~~~~~~~~~~~~~~~~~~~~~~~~~~~~~~~~~~~~~~~~~~~~~~~~~~~~~~~~~~~~~
test is a Catch v2.11.1 host application.
Run with -? for options

-------------------------------------------------------------------------------
random_multi_dma_bare_chain_ddr
-------------------------------------------------------------------------------
/home/mt/kangj/ph1_pcie_ep/test/test/mthdma.cc:2618
...............................................................................

/home/mt/kangj/ph1_pcie_ep/test/test/test_thr.cc:469: FAILED:
  REQUIRE( 0 == ret )
with expansion:
  0 == -1

terminate called after throwing an instance of 'Catch::TestFailureException'
/home/mt/kangj/ph1_pcie_ep/test/test/test_thr.cc:469: FAILED:
  {Unknown expression after the reported line}
due to a fatal error condition:
  SIGABRT - Abort (abnormal termination) signal

===============================================================================
test cases:  1 |  0 passed | 1 failed
assertions: 19 | 17 passed | 2 failed

